[2026-06-08T20:29:05.130+0000] {taskinstance.py:1083} INFO - Dependencies all met for <TaskInstance: pipeline_deputados.salvar_bronze scheduled__2026-06-07T00:00:00+00:00 [queued]>
[2026-06-08T20:29:05.144+0000] {taskinstance.py:1083} INFO - Dependencies all met for <TaskInstance: pipeline_deputados.salvar_bronze scheduled__2026-06-07T00:00:00+00:00 [queued]>
[2026-06-08T20:29:05.144+0000] {taskinstance.py:1279} INFO - 
--------------------------------------------------------------------------------
[2026-06-08T20:29:05.144+0000] {taskinstance.py:1280} INFO - Starting attempt 1 of 1
[2026-06-08T20:29:05.144+0000] {taskinstance.py:1281} INFO - 
--------------------------------------------------------------------------------
[2026-06-08T20:29:05.161+0000] {taskinstance.py:1300} INFO - Executing <Task(PythonOperator): salvar_bronze> on 2026-06-07 00:00:00+00:00
[2026-06-08T20:29:05.170+0000] {standard_task_runner.py:55} INFO - Started process 264 to run task
[2026-06-08T20:29:05.176+0000] {standard_task_runner.py:82} INFO - Running: ['airflow', 'tasks', 'run', 'pipeline_deputados', 'salvar_bronze', 'scheduled__2026-06-07T00:00:00+00:00', '--job-id', '3', '--raw', '--subdir', 'DAGS_FOLDER/pipeline_deputados.py', '--cfg-path', '/tmp/tmpm4x1_ge9']
[2026-06-08T20:29:05.179+0000] {standard_task_runner.py:83} INFO - Job 3: Subtask salvar_bronze
[2026-06-08T20:29:05.281+0000] {task_command.py:388} INFO - Running <TaskInstance: pipeline_deputados.salvar_bronze scheduled__2026-06-07T00:00:00+00:00 [running]> on host 982572b394d7
[2026-06-08T20:29:05.385+0000] {taskinstance.py:1509} INFO - Exporting the following env vars:
AIRFLOW_CTX_DAG_OWNER=airflow
AIRFLOW_CTX_DAG_ID=pipeline_deputados
AIRFLOW_CTX_TASK_ID=salvar_bronze
AIRFLOW_CTX_EXECUTION_DATE=2026-06-07T00:00:00+00:00
AIRFLOW_CTX_TRY_NUMBER=1
AIRFLOW_CTX_DAG_RUN_ID=scheduled__2026-06-07T00:00:00+00:00
[2026-06-08T20:29:08.027+0000] {taskinstance.py:1768} ERROR - Task failed with exception
Traceback (most recent call last):
  File "/home/airflow/.local/lib/python3.7/site-packages/airflow/operators/python.py", line 175, in execute
    return_value = self.execute_callable()
  File "/home/airflow/.local/lib/python3.7/site-packages/airflow/operators/python.py", line 192, in execute_callable
    return self.python_callable(*self.op_args, **self.op_kwargs)
  File "/opt/airflow/src/ingestion/bronze.py", line 7, in salvar_bronze
    df.to_parquet("data/bronze/deputados.parquet", index=False)
  File "/home/airflow/.local/lib/python3.7/site-packages/pandas/util/_decorators.py", line 207, in wrapper
    return func(*args, **kwargs)
  File "/home/airflow/.local/lib/python3.7/site-packages/pandas/core/frame.py", line 2685, in to_parquet
    **kwargs,
  File "/home/airflow/.local/lib/python3.7/site-packages/pandas/io/parquet.py", line 423, in to_parquet
    **kwargs,
  File "/home/airflow/.local/lib/python3.7/site-packages/pandas/io/parquet.py", line 180, in write
    is_dir=partition_cols is not None,
  File "/home/airflow/.local/lib/python3.7/site-packages/pandas/io/parquet.py", line 102, in _get_path_or_handle
    path_or_handle, mode, is_text=False, storage_options=storage_options
  File "/home/airflow/.local/lib/python3.7/site-packages/pandas/io/common.py", line 711, in get_handle
    handle = open(handle, ioargs.mode)
FileNotFoundError: [Errno 2] No such file or directory: 'data/bronze/deputados.parquet'
[2026-06-08T20:29:08.044+0000] {taskinstance.py:1323} INFO - Marking task as FAILED. dag_id=pipeline_deputados, task_id=salvar_bronze, execution_date=20260607T000000, start_date=20260608T202905, end_date=20260608T202908
[2026-06-08T20:29:08.067+0000] {standard_task_runner.py:105} ERROR - Failed to execute job 3 for task salvar_bronze ([Errno 2] No such file or directory: 'data/bronze/deputados.parquet'; 264)
[2026-06-08T20:29:08.123+0000] {local_task_job.py:208} INFO - Task exited with return code 1
[2026-06-08T20:29:08.156+0000] {taskinstance.py:2578} INFO - 0 downstream tasks scheduled from follow-on schedule check
[2026-06-08T20:32:26.021+0000] {taskinstance.py:1083} INFO - Dependencies all met for <TaskInstance: pipeline_deputados.salvar_bronze scheduled__2026-06-07T00:00:00+00:00 [queued]>
[2026-06-08T20:32:26.033+0000] {taskinstance.py:1083} INFO - Dependencies all met for <TaskInstance: pipeline_deputados.salvar_bronze scheduled__2026-06-07T00:00:00+00:00 [queued]>
[2026-06-08T20:32:26.034+0000] {taskinstance.py:1279} INFO - 
--------------------------------------------------------------------------------
[2026-06-08T20:32:26.034+0000] {taskinstance.py:1280} INFO - Starting attempt 1 of 1
[2026-06-08T20:32:26.034+0000] {taskinstance.py:1281} INFO - 
--------------------------------------------------------------------------------
[2026-06-08T20:32:26.050+0000] {taskinstance.py:1300} INFO - Executing <Task(PythonOperator): salvar_bronze> on 2026-06-07 00:00:00+00:00
[2026-06-08T20:32:26.060+0000] {standard_task_runner.py:55} INFO - Started process 198 to run task
[2026-06-08T20:32:26.065+0000] {standard_task_runner.py:82} INFO - Running: ['airflow', 'tasks', 'run', 'pipeline_deputados', 'salvar_bronze', 'scheduled__2026-06-07T00:00:00+00:00', '--job-id', '6', '--raw', '--subdir', 'DAGS_FOLDER/pipeline_deputados.py', '--cfg-path', '/tmp/tmpccr0lrko']
[2026-06-08T20:32:26.067+0000] {standard_task_runner.py:83} INFO - Job 6: Subtask salvar_bronze
[2026-06-08T20:32:26.165+0000] {task_command.py:388} INFO - Running <TaskInstance: pipeline_deputados.salvar_bronze scheduled__2026-06-07T00:00:00+00:00 [running]> on host 982572b394d7
[2026-06-08T20:32:26.259+0000] {taskinstance.py:1509} INFO - Exporting the following env vars:
AIRFLOW_CTX_DAG_OWNER=airflow
AIRFLOW_CTX_DAG_ID=pipeline_deputados
AIRFLOW_CTX_TASK_ID=salvar_bronze
AIRFLOW_CTX_EXECUTION_DATE=2026-06-07T00:00:00+00:00
AIRFLOW_CTX_TRY_NUMBER=1
AIRFLOW_CTX_DAG_RUN_ID=scheduled__2026-06-07T00:00:00+00:00
[2026-06-08T20:32:26.537+0000] {taskinstance.py:1768} ERROR - Task failed with exception
Traceback (most recent call last):
  File "/home/airflow/.local/lib/python3.7/site-packages/airflow/operators/python.py", line 175, in execute
    return_value = self.execute_callable()
  File "/home/airflow/.local/lib/python3.7/site-packages/airflow/operators/python.py", line 192, in execute_callable
    return self.python_callable(*self.op_args, **self.op_kwargs)
  File "/opt/airflow/src/ingestion/bronze.py", line 7, in salvar_bronze
    df.to_parquet("data/bronze/deputados.parquet", index=False)
  File "/home/airflow/.local/lib/python3.7/site-packages/pandas/util/_decorators.py", line 207, in wrapper
    return func(*args, **kwargs)
  File "/home/airflow/.local/lib/python3.7/site-packages/pandas/core/frame.py", line 2685, in to_parquet
    **kwargs,
  File "/home/airflow/.local/lib/python3.7/site-packages/pandas/io/parquet.py", line 423, in to_parquet
    **kwargs,
  File "/home/airflow/.local/lib/python3.7/site-packages/pandas/io/parquet.py", line 180, in write
    is_dir=partition_cols is not None,
  File "/home/airflow/.local/lib/python3.7/site-packages/pandas/io/parquet.py", line 102, in _get_path_or_handle
    path_or_handle, mode, is_text=False, storage_options=storage_options
  File "/home/airflow/.local/lib/python3.7/site-packages/pandas/io/common.py", line 711, in get_handle
    handle = open(handle, ioargs.mode)
FileNotFoundError: [Errno 2] No such file or directory: 'data/bronze/deputados.parquet'
[2026-06-08T20:32:26.555+0000] {taskinstance.py:1323} INFO - Marking task as FAILED. dag_id=pipeline_deputados, task_id=salvar_bronze, execution_date=20260607T000000, start_date=20260608T203226, end_date=20260608T203226
[2026-06-08T20:32:26.572+0000] {standard_task_runner.py:105} ERROR - Failed to execute job 6 for task salvar_bronze ([Errno 2] No such file or directory: 'data/bronze/deputados.parquet'; 198)
[2026-06-08T20:32:26.598+0000] {local_task_job.py:208} INFO - Task exited with return code 1
[2026-06-08T20:32:26.630+0000] {taskinstance.py:2578} INFO - 0 downstream tasks scheduled from follow-on schedule check
