[2026-06-09T19:40:30.433+0000] {taskinstance.py:1083} INFO - Dependencies all met for <TaskInstance: pipeline_deputados.emendas_gold manual__2026-06-09T19:40:25.244496+00:00 [queued]>
[2026-06-09T19:40:30.451+0000] {taskinstance.py:1083} INFO - Dependencies all met for <TaskInstance: pipeline_deputados.emendas_gold manual__2026-06-09T19:40:25.244496+00:00 [queued]>
[2026-06-09T19:40:30.451+0000] {taskinstance.py:1279} INFO - 
--------------------------------------------------------------------------------
[2026-06-09T19:40:30.451+0000] {taskinstance.py:1280} INFO - Starting attempt 1 of 1
[2026-06-09T19:40:30.451+0000] {taskinstance.py:1281} INFO - 
--------------------------------------------------------------------------------
[2026-06-09T19:40:30.472+0000] {taskinstance.py:1300} INFO - Executing <Task(PythonOperator): emendas_gold> on 2026-06-09 19:40:25.244496+00:00
[2026-06-09T19:40:30.484+0000] {standard_task_runner.py:55} INFO - Started process 263 to run task
[2026-06-09T19:40:30.489+0000] {standard_task_runner.py:82} INFO - Running: ['airflow', 'tasks', 'run', 'pipeline_deputados', 'emendas_gold', 'manual__2026-06-09T19:40:25.244496+00:00', '--job-id', '46', '--raw', '--subdir', 'DAGS_FOLDER/pipeline_deputados.py', '--cfg-path', '/tmp/tmpu8bj57ef']
[2026-06-09T19:40:30.491+0000] {standard_task_runner.py:83} INFO - Job 46: Subtask emendas_gold
[2026-06-09T19:40:30.605+0000] {task_command.py:388} INFO - Running <TaskInstance: pipeline_deputados.emendas_gold manual__2026-06-09T19:40:25.244496+00:00 [running]> on host 398671cd1136
[2026-06-09T19:40:30.720+0000] {taskinstance.py:1509} INFO - Exporting the following env vars:
AIRFLOW_CTX_DAG_OWNER=airflow
AIRFLOW_CTX_DAG_ID=pipeline_deputados
AIRFLOW_CTX_TASK_ID=emendas_gold
AIRFLOW_CTX_EXECUTION_DATE=2026-06-09T19:40:25.244496+00:00
AIRFLOW_CTX_TRY_NUMBER=1
AIRFLOW_CTX_DAG_RUN_ID=manual__2026-06-09T19:40:25.244496+00:00
[2026-06-09T19:40:31.045+0000] {logging_mixin.py:137} INFO - Salvo 13 emendas transformadas para gold.
[2026-06-09T19:40:31.048+0000] {logging_mixin.py:137} INFO - ano                  0
tipoEmenda           0
localidadeDoGasto    0
valorPago            0
dtype: int64
[2026-06-09T19:40:31.049+0000] {logging_mixin.py:137} INFO - ano                    int64
tipoEmenda            object
localidadeDoGasto     object
valorPago            float64
dtype: object
[2026-06-09T19:40:31.051+0000] {logging_mixin.py:137} INFO - 0
[2026-06-09T19:40:31.051+0000] {python.py:177} INFO - Done. Returned value was: None
[2026-06-09T19:40:31.069+0000] {taskinstance.py:1323} INFO - Marking task as SUCCESS. dag_id=pipeline_deputados, task_id=emendas_gold, execution_date=20260609T194025, start_date=20260609T194030, end_date=20260609T194031
[2026-06-09T19:40:31.145+0000] {local_task_job.py:208} INFO - Task exited with return code 0
[2026-06-09T19:40:31.189+0000] {taskinstance.py:2578} INFO - 0 downstream tasks scheduled from follow-on schedule check
