[2026-06-09T18:55:22.423+0000] {taskinstance.py:1083} INFO - Dependencies all met for <TaskInstance: pipeline_deputados.transformar_gold manual__2026-06-09T18:55:16.598890+00:00 [queued]>
[2026-06-09T18:55:22.436+0000] {taskinstance.py:1083} INFO - Dependencies all met for <TaskInstance: pipeline_deputados.transformar_gold manual__2026-06-09T18:55:16.598890+00:00 [queued]>
[2026-06-09T18:55:22.436+0000] {taskinstance.py:1279} INFO - 
--------------------------------------------------------------------------------
[2026-06-09T18:55:22.437+0000] {taskinstance.py:1280} INFO - Starting attempt 1 of 1
[2026-06-09T18:55:22.437+0000] {taskinstance.py:1281} INFO - 
--------------------------------------------------------------------------------
[2026-06-09T18:55:22.457+0000] {taskinstance.py:1300} INFO - Executing <Task(PythonOperator): transformar_gold> on 2026-06-09 18:55:16.598890+00:00
[2026-06-09T18:55:22.470+0000] {standard_task_runner.py:55} INFO - Started process 231 to run task
[2026-06-09T18:55:22.476+0000] {standard_task_runner.py:82} INFO - Running: ['airflow', 'tasks', 'run', 'pipeline_deputados', 'transformar_gold', 'manual__2026-06-09T18:55:16.598890+00:00', '--job-id', '31', '--raw', '--subdir', 'DAGS_FOLDER/pipeline_deputados.py', '--cfg-path', '/tmp/tmpy77opmxb']
[2026-06-09T18:55:22.480+0000] {standard_task_runner.py:83} INFO - Job 31: Subtask transformar_gold
[2026-06-09T18:55:22.594+0000] {task_command.py:388} INFO - Running <TaskInstance: pipeline_deputados.transformar_gold manual__2026-06-09T18:55:16.598890+00:00 [running]> on host 78cfd50ce143
[2026-06-09T18:55:22.743+0000] {taskinstance.py:1509} INFO - Exporting the following env vars:
AIRFLOW_CTX_DAG_OWNER=airflow
AIRFLOW_CTX_DAG_ID=pipeline_deputados
AIRFLOW_CTX_TASK_ID=transformar_gold
AIRFLOW_CTX_EXECUTION_DATE=2026-06-09T18:55:16.598890+00:00
AIRFLOW_CTX_TRY_NUMBER=1
AIRFLOW_CTX_DAG_RUN_ID=manual__2026-06-09T18:55:16.598890+00:00
[2026-06-09T18:55:22.951+0000] {logging_mixin.py:137} INFO - Salvo deputados por partido em gold.
[2026-06-09T18:55:22.952+0000] {python.py:177} INFO - Done. Returned value was: None
[2026-06-09T18:55:22.980+0000] {taskinstance.py:1323} INFO - Marking task as SUCCESS. dag_id=pipeline_deputados, task_id=transformar_gold, execution_date=20260609T185516, start_date=20260609T185522, end_date=20260609T185522
[2026-06-09T18:55:23.052+0000] {local_task_job.py:208} INFO - Task exited with return code 0
[2026-06-09T18:55:23.093+0000] {taskinstance.py:2578} INFO - 1 downstream tasks scheduled from follow-on schedule check
