[2026-06-09T19:40:26.599+0000] {taskinstance.py:1083} INFO - Dependencies all met for <TaskInstance: pipeline_deputados.salvar_bronze_emendas manual__2026-06-09T19:40:25.244496+00:00 [queued]>
[2026-06-09T19:40:26.624+0000] {taskinstance.py:1083} INFO - Dependencies all met for <TaskInstance: pipeline_deputados.salvar_bronze_emendas manual__2026-06-09T19:40:25.244496+00:00 [queued]>
[2026-06-09T19:40:26.625+0000] {taskinstance.py:1279} INFO - 
--------------------------------------------------------------------------------
[2026-06-09T19:40:26.625+0000] {taskinstance.py:1280} INFO - Starting attempt 1 of 1
[2026-06-09T19:40:26.625+0000] {taskinstance.py:1281} INFO - 
--------------------------------------------------------------------------------
[2026-06-09T19:40:26.645+0000] {taskinstance.py:1300} INFO - Executing <Task(PythonOperator): salvar_bronze_emendas> on 2026-06-09 19:40:25.244496+00:00
[2026-06-09T19:40:26.659+0000] {standard_task_runner.py:55} INFO - Started process 189 to run task
[2026-06-09T19:40:26.664+0000] {standard_task_runner.py:82} INFO - Running: ['airflow', 'tasks', 'run', 'pipeline_deputados', 'salvar_bronze_emendas', 'manual__2026-06-09T19:40:25.244496+00:00', '--job-id', '41', '--raw', '--subdir', 'DAGS_FOLDER/pipeline_deputados.py', '--cfg-path', '/tmp/tmpnoe0h8bb']
[2026-06-09T19:40:26.668+0000] {standard_task_runner.py:83} INFO - Job 41: Subtask salvar_bronze_emendas
[2026-06-09T19:40:26.789+0000] {task_command.py:388} INFO - Running <TaskInstance: pipeline_deputados.salvar_bronze_emendas manual__2026-06-09T19:40:25.244496+00:00 [running]> on host 398671cd1136
[2026-06-09T19:40:26.913+0000] {taskinstance.py:1509} INFO - Exporting the following env vars:
AIRFLOW_CTX_DAG_OWNER=airflow
AIRFLOW_CTX_DAG_ID=pipeline_deputados
AIRFLOW_CTX_TASK_ID=salvar_bronze_emendas
AIRFLOW_CTX_EXECUTION_DATE=2026-06-09T19:40:25.244496+00:00
AIRFLOW_CTX_TRY_NUMBER=1
AIRFLOW_CTX_DAG_RUN_ID=manual__2026-06-09T19:40:25.244496+00:00
[2026-06-09T19:40:27.018+0000] {logging_mixin.py:137} INFO - 200
[2026-06-09T19:40:27.434+0000] {logging_mixin.py:137} INFO - Salvo 15 emendas em bronze.
[2026-06-09T19:40:27.435+0000] {python.py:177} INFO - Done. Returned value was: None
[2026-06-09T19:40:27.455+0000] {taskinstance.py:1323} INFO - Marking task as SUCCESS. dag_id=pipeline_deputados, task_id=salvar_bronze_emendas, execution_date=20260609T194025, start_date=20260609T194026, end_date=20260609T194027
[2026-06-09T19:40:27.521+0000] {local_task_job.py:208} INFO - Task exited with return code 0
[2026-06-09T19:40:27.578+0000] {taskinstance.py:2578} INFO - 0 downstream tasks scheduled from follow-on schedule check
