[2026-06-09T19:38:51.207+0000] {taskinstance.py:1083} INFO - Dependencies all met for <TaskInstance: pipeline_deputados.transformar_silver manual__2026-06-09T19:38:47.953616+00:00 [queued]>
[2026-06-09T19:38:51.223+0000] {taskinstance.py:1083} INFO - Dependencies all met for <TaskInstance: pipeline_deputados.transformar_silver manual__2026-06-09T19:38:47.953616+00:00 [queued]>
[2026-06-09T19:38:51.223+0000] {taskinstance.py:1279} INFO - 
--------------------------------------------------------------------------------
[2026-06-09T19:38:51.223+0000] {taskinstance.py:1280} INFO - Starting attempt 1 of 1
[2026-06-09T19:38:51.223+0000] {taskinstance.py:1281} INFO - 
--------------------------------------------------------------------------------
[2026-06-09T19:38:51.241+0000] {taskinstance.py:1300} INFO - Executing <Task(PythonOperator): transformar_silver> on 2026-06-09 19:38:47.953616+00:00
[2026-06-09T19:38:51.253+0000] {standard_task_runner.py:55} INFO - Started process 214 to run task
[2026-06-09T19:38:51.257+0000] {standard_task_runner.py:82} INFO - Running: ['airflow', 'tasks', 'run', 'pipeline_deputados', 'transformar_silver', 'manual__2026-06-09T19:38:47.953616+00:00', '--job-id', '36', '--raw', '--subdir', 'DAGS_FOLDER/pipeline_deputados.py', '--cfg-path', '/tmp/tmpf4gn_5x8']
[2026-06-09T19:38:51.259+0000] {standard_task_runner.py:83} INFO - Job 36: Subtask transformar_silver
[2026-06-09T19:38:51.412+0000] {task_command.py:388} INFO - Running <TaskInstance: pipeline_deputados.transformar_silver manual__2026-06-09T19:38:47.953616+00:00 [running]> on host aeb1377d69ac
[2026-06-09T19:38:51.541+0000] {taskinstance.py:1509} INFO - Exporting the following env vars:
AIRFLOW_CTX_DAG_OWNER=airflow
AIRFLOW_CTX_DAG_ID=pipeline_deputados
AIRFLOW_CTX_TASK_ID=transformar_silver
AIRFLOW_CTX_EXECUTION_DATE=2026-06-09T19:38:47.953616+00:00
AIRFLOW_CTX_TRY_NUMBER=1
AIRFLOW_CTX_DAG_RUN_ID=manual__2026-06-09T19:38:47.953616+00:00
[2026-06-09T19:38:51.952+0000] {logging_mixin.py:137} INFO - Salvo 512 deputados transformados para silver.
[2026-06-09T19:38:51.956+0000] {logging_mixin.py:137} INFO - id               0
nome             0
siglaPartido     0
siglaUf          0
idLegislatura    0
email            0
dtype: int64
[2026-06-09T19:38:51.957+0000] {logging_mixin.py:137} INFO - id                int64
nome             object
siglaPartido     object
siglaUf          object
idLegislatura     int64
email            object
dtype: object
[2026-06-09T19:38:51.959+0000] {logging_mixin.py:137} INFO - 0
[2026-06-09T19:38:51.959+0000] {python.py:177} INFO - Done. Returned value was: None
[2026-06-09T19:38:51.978+0000] {taskinstance.py:1323} INFO - Marking task as SUCCESS. dag_id=pipeline_deputados, task_id=transformar_silver, execution_date=20260609T193847, start_date=20260609T193851, end_date=20260609T193851
[2026-06-09T19:38:52.034+0000] {local_task_job.py:208} INFO - Task exited with return code 0
[2026-06-09T19:38:52.075+0000] {taskinstance.py:2578} INFO - 1 downstream tasks scheduled from follow-on schedule check
