[2026-06-09T18:55:24.662+0000] {taskinstance.py:1083} INFO - Dependencies all met for <TaskInstance: pipeline_deputados.popular_banco manual__2026-06-09T18:55:16.598890+00:00 [queued]>
[2026-06-09T18:55:24.673+0000] {taskinstance.py:1083} INFO - Dependencies all met for <TaskInstance: pipeline_deputados.popular_banco manual__2026-06-09T18:55:16.598890+00:00 [queued]>
[2026-06-09T18:55:24.673+0000] {taskinstance.py:1279} INFO - 
--------------------------------------------------------------------------------
[2026-06-09T18:55:24.673+0000] {taskinstance.py:1280} INFO - Starting attempt 1 of 1
[2026-06-09T18:55:24.673+0000] {taskinstance.py:1281} INFO - 
--------------------------------------------------------------------------------
[2026-06-09T18:55:24.687+0000] {taskinstance.py:1300} INFO - Executing <Task(PythonOperator): popular_banco> on 2026-06-09 18:55:16.598890+00:00
[2026-06-09T18:55:24.697+0000] {standard_task_runner.py:55} INFO - Started process 251 to run task
[2026-06-09T18:55:24.702+0000] {standard_task_runner.py:82} INFO - Running: ['airflow', 'tasks', 'run', 'pipeline_deputados', 'popular_banco', 'manual__2026-06-09T18:55:16.598890+00:00', '--job-id', '32', '--raw', '--subdir', 'DAGS_FOLDER/pipeline_deputados.py', '--cfg-path', '/tmp/tmpwzi6l6hl']
[2026-06-09T18:55:24.704+0000] {standard_task_runner.py:83} INFO - Job 32: Subtask popular_banco
[2026-06-09T18:55:24.798+0000] {task_command.py:388} INFO - Running <TaskInstance: pipeline_deputados.popular_banco manual__2026-06-09T18:55:16.598890+00:00 [running]> on host 78cfd50ce143
[2026-06-09T18:55:24.892+0000] {taskinstance.py:1509} INFO - Exporting the following env vars:
AIRFLOW_CTX_DAG_OWNER=airflow
AIRFLOW_CTX_DAG_ID=pipeline_deputados
AIRFLOW_CTX_TASK_ID=popular_banco
AIRFLOW_CTX_EXECUTION_DATE=2026-06-09T18:55:16.598890+00:00
AIRFLOW_CTX_TRY_NUMBER=1
AIRFLOW_CTX_DAG_RUN_ID=manual__2026-06-09T18:55:16.598890+00:00
[2026-06-09T18:55:25.148+0000] {logging_mixin.py:137} INFO - Populado banco com 512 deputados.
[2026-06-09T18:55:25.148+0000] {python.py:177} INFO - Done. Returned value was: None
[2026-06-09T18:55:25.165+0000] {taskinstance.py:1323} INFO - Marking task as SUCCESS. dag_id=pipeline_deputados, task_id=popular_banco, execution_date=20260609T185516, start_date=20260609T185524, end_date=20260609T185525
[2026-06-09T18:55:25.236+0000] {local_task_job.py:208} INFO - Task exited with return code 0
[2026-06-09T18:55:25.258+0000] {taskinstance.py:2578} INFO - 0 downstream tasks scheduled from follow-on schedule check
