[2026-06-08T20:37:31.182+0000] {taskinstance.py:1083} INFO - Dependencies all met for <TaskInstance: pipeline_deputados.transformar_gold manual__2026-06-08T20:37:26.899276+00:00 [queued]>
[2026-06-08T20:37:31.198+0000] {taskinstance.py:1083} INFO - Dependencies all met for <TaskInstance: pipeline_deputados.transformar_gold manual__2026-06-08T20:37:26.899276+00:00 [queued]>
[2026-06-08T20:37:31.198+0000] {taskinstance.py:1279} INFO - 
--------------------------------------------------------------------------------
[2026-06-08T20:37:31.198+0000] {taskinstance.py:1280} INFO - Starting attempt 1 of 1
[2026-06-08T20:37:31.198+0000] {taskinstance.py:1281} INFO - 
--------------------------------------------------------------------------------
[2026-06-08T20:37:31.218+0000] {taskinstance.py:1300} INFO - Executing <Task(PythonOperator): transformar_gold> on 2026-06-08 20:37:26.899276+00:00
[2026-06-08T20:37:31.230+0000] {standard_task_runner.py:55} INFO - Started process 255 to run task
[2026-06-08T20:37:31.235+0000] {standard_task_runner.py:82} INFO - Running: ['airflow', 'tasks', 'run', 'pipeline_deputados', 'transformar_gold', 'manual__2026-06-08T20:37:26.899276+00:00', '--job-id', '12', '--raw', '--subdir', 'DAGS_FOLDER/pipeline_deputados.py', '--cfg-path', '/tmp/tmpwb0bp1uy']
[2026-06-08T20:37:31.238+0000] {standard_task_runner.py:83} INFO - Job 12: Subtask transformar_gold
[2026-06-08T20:37:31.342+0000] {task_command.py:388} INFO - Running <TaskInstance: pipeline_deputados.transformar_gold manual__2026-06-08T20:37:26.899276+00:00 [running]> on host 78cfd50ce143
[2026-06-08T20:37:31.438+0000] {taskinstance.py:1509} INFO - Exporting the following env vars:
AIRFLOW_CTX_DAG_OWNER=airflow
AIRFLOW_CTX_DAG_ID=pipeline_deputados
AIRFLOW_CTX_TASK_ID=transformar_gold
AIRFLOW_CTX_EXECUTION_DATE=2026-06-08T20:37:26.899276+00:00
AIRFLOW_CTX_TRY_NUMBER=1
AIRFLOW_CTX_DAG_RUN_ID=manual__2026-06-08T20:37:26.899276+00:00
[2026-06-08T20:37:31.734+0000] {logging_mixin.py:137} INFO - Salvo deputados por partido em gold.
[2026-06-08T20:37:31.735+0000] {python.py:177} INFO - Done. Returned value was: None
[2026-06-08T20:37:31.751+0000] {taskinstance.py:1323} INFO - Marking task as SUCCESS. dag_id=pipeline_deputados, task_id=transformar_gold, execution_date=20260608T203726, start_date=20260608T203731, end_date=20260608T203731
[2026-06-08T20:37:31.808+0000] {local_task_job.py:208} INFO - Task exited with return code 0
[2026-06-08T20:37:31.838+0000] {taskinstance.py:2578} INFO - 1 downstream tasks scheduled from follow-on schedule check
