[2026-06-09T19:38:53.698+0000] {taskinstance.py:1083} INFO - Dependencies all met for <TaskInstance: pipeline_deputados.transformar_gold manual__2026-06-09T19:38:47.953616+00:00 [queued]>
[2026-06-09T19:38:53.712+0000] {taskinstance.py:1083} INFO - Dependencies all met for <TaskInstance: pipeline_deputados.transformar_gold manual__2026-06-09T19:38:47.953616+00:00 [queued]>
[2026-06-09T19:38:53.713+0000] {taskinstance.py:1279} INFO - 
--------------------------------------------------------------------------------
[2026-06-09T19:38:53.713+0000] {taskinstance.py:1280} INFO - Starting attempt 1 of 1
[2026-06-09T19:38:53.714+0000] {taskinstance.py:1281} INFO - 
--------------------------------------------------------------------------------
[2026-06-09T19:38:53.734+0000] {taskinstance.py:1300} INFO - Executing <Task(PythonOperator): transformar_gold> on 2026-06-09 19:38:47.953616+00:00
[2026-06-09T19:38:53.745+0000] {standard_task_runner.py:55} INFO - Started process 237 to run task
[2026-06-09T19:38:53.749+0000] {standard_task_runner.py:82} INFO - Running: ['airflow', 'tasks', 'run', 'pipeline_deputados', 'transformar_gold', 'manual__2026-06-09T19:38:47.953616+00:00', '--job-id', '37', '--raw', '--subdir', 'DAGS_FOLDER/pipeline_deputados.py', '--cfg-path', '/tmp/tmpscl6s49f']
[2026-06-09T19:38:53.752+0000] {standard_task_runner.py:83} INFO - Job 37: Subtask transformar_gold
[2026-06-09T19:38:53.853+0000] {task_command.py:388} INFO - Running <TaskInstance: pipeline_deputados.transformar_gold manual__2026-06-09T19:38:47.953616+00:00 [running]> on host aeb1377d69ac
[2026-06-09T19:38:53.947+0000] {taskinstance.py:1509} INFO - Exporting the following env vars:
AIRFLOW_CTX_DAG_OWNER=airflow
AIRFLOW_CTX_DAG_ID=pipeline_deputados
AIRFLOW_CTX_TASK_ID=transformar_gold
AIRFLOW_CTX_EXECUTION_DATE=2026-06-09T19:38:47.953616+00:00
AIRFLOW_CTX_TRY_NUMBER=1
AIRFLOW_CTX_DAG_RUN_ID=manual__2026-06-09T19:38:47.953616+00:00
[2026-06-09T19:38:54.227+0000] {logging_mixin.py:137} INFO - Salvo deputados por partido em gold.
[2026-06-09T19:38:54.227+0000] {python.py:177} INFO - Done. Returned value was: None
[2026-06-09T19:38:54.243+0000] {taskinstance.py:1323} INFO - Marking task as SUCCESS. dag_id=pipeline_deputados, task_id=transformar_gold, execution_date=20260609T193847, start_date=20260609T193853, end_date=20260609T193854
[2026-06-09T19:38:54.323+0000] {local_task_job.py:208} INFO - Task exited with return code 0
[2026-06-09T19:38:54.355+0000] {taskinstance.py:2578} INFO - 1 downstream tasks scheduled from follow-on schedule check
