[2026-06-08T20:38:53.197+0000] {taskinstance.py:1083} INFO - Dependencies all met for <TaskInstance: pipeline_deputados.popular_banco manual__2026-06-08T20:38:45.974005+00:00 [queued]>
[2026-06-08T20:38:53.208+0000] {taskinstance.py:1083} INFO - Dependencies all met for <TaskInstance: pipeline_deputados.popular_banco manual__2026-06-08T20:38:45.974005+00:00 [queued]>
[2026-06-08T20:38:53.208+0000] {taskinstance.py:1279} INFO - 
--------------------------------------------------------------------------------
[2026-06-08T20:38:53.208+0000] {taskinstance.py:1280} INFO - Starting attempt 1 of 1
[2026-06-08T20:38:53.208+0000] {taskinstance.py:1281} INFO - 
--------------------------------------------------------------------------------
[2026-06-08T20:38:53.225+0000] {taskinstance.py:1300} INFO - Executing <Task(PythonOperator): popular_banco> on 2026-06-08 20:38:45.974005+00:00
[2026-06-08T20:38:53.236+0000] {standard_task_runner.py:55} INFO - Started process 367 to run task
[2026-06-08T20:38:53.240+0000] {standard_task_runner.py:82} INFO - Running: ['airflow', 'tasks', 'run', 'pipeline_deputados', 'popular_banco', 'manual__2026-06-08T20:38:45.974005+00:00', '--job-id', '17', '--raw', '--subdir', 'DAGS_FOLDER/pipeline_deputados.py', '--cfg-path', '/tmp/tmp3jntt7he']
[2026-06-08T20:38:53.242+0000] {standard_task_runner.py:83} INFO - Job 17: Subtask popular_banco
[2026-06-08T20:38:53.333+0000] {task_command.py:388} INFO - Running <TaskInstance: pipeline_deputados.popular_banco manual__2026-06-08T20:38:45.974005+00:00 [running]> on host 78cfd50ce143
[2026-06-08T20:38:53.426+0000] {taskinstance.py:1509} INFO - Exporting the following env vars:
AIRFLOW_CTX_DAG_OWNER=airflow
AIRFLOW_CTX_DAG_ID=pipeline_deputados
AIRFLOW_CTX_TASK_ID=popular_banco
AIRFLOW_CTX_EXECUTION_DATE=2026-06-08T20:38:45.974005+00:00
AIRFLOW_CTX_TRY_NUMBER=1
AIRFLOW_CTX_DAG_RUN_ID=manual__2026-06-08T20:38:45.974005+00:00
[2026-06-08T20:38:53.767+0000] {taskinstance.py:1768} ERROR - Task failed with exception
Traceback (most recent call last):
  File "/home/airflow/.local/lib/python3.7/site-packages/airflow/operators/python.py", line 175, in execute
    return_value = self.execute_callable()
  File "/home/airflow/.local/lib/python3.7/site-packages/airflow/operators/python.py", line 192, in execute_callable
    return self.python_callable(*self.op_args, **self.op_kwargs)
  File "/opt/airflow/src/ingestion/popular_banco.py", line 12, in popular_banco
    """, (row['id'], row['nome'], row['siglaPartido'], row['siglaUf'], row['idLegislatura'], row['email']))
psycopg2.errors.UniqueViolation: duplicate key value violates unique constraint "deputados_pkey"
DETAIL:  Key (id)=(204379) already exists.

[2026-06-08T20:38:53.789+0000] {taskinstance.py:1323} INFO - Marking task as FAILED. dag_id=pipeline_deputados, task_id=popular_banco, execution_date=20260608T203845, start_date=20260608T203853, end_date=20260608T203853
[2026-06-08T20:38:53.814+0000] {standard_task_runner.py:105} ERROR - Failed to execute job 17 for task popular_banco (duplicate key value violates unique constraint "deputados_pkey"
DETAIL:  Key (id)=(204379) already exists.
; 367)
[2026-06-08T20:38:53.894+0000] {local_task_job.py:208} INFO - Task exited with return code 1
[2026-06-08T20:38:53.944+0000] {taskinstance.py:2578} INFO - 0 downstream tasks scheduled from follow-on schedule check
