[2026-06-09T18:55:20.263+0000] {taskinstance.py:1083} INFO - Dependencies all met for <TaskInstance: pipeline_deputados.transformar_silver manual__2026-06-09T18:55:16.598890+00:00 [queued]>
[2026-06-09T18:55:20.278+0000] {taskinstance.py:1083} INFO - Dependencies all met for <TaskInstance: pipeline_deputados.transformar_silver manual__2026-06-09T18:55:16.598890+00:00 [queued]>
[2026-06-09T18:55:20.279+0000] {taskinstance.py:1279} INFO - 
--------------------------------------------------------------------------------
[2026-06-09T18:55:20.279+0000] {taskinstance.py:1280} INFO - Starting attempt 1 of 1
[2026-06-09T18:55:20.279+0000] {taskinstance.py:1281} INFO - 
--------------------------------------------------------------------------------
[2026-06-09T18:55:20.296+0000] {taskinstance.py:1300} INFO - Executing <Task(PythonOperator): transformar_silver> on 2026-06-09 18:55:16.598890+00:00
[2026-06-09T18:55:20.307+0000] {standard_task_runner.py:55} INFO - Started process 208 to run task
[2026-06-09T18:55:20.311+0000] {standard_task_runner.py:82} INFO - Running: ['airflow', 'tasks', 'run', 'pipeline_deputados', 'transformar_silver', 'manual__2026-06-09T18:55:16.598890+00:00', '--job-id', '30', '--raw', '--subdir', 'DAGS_FOLDER/pipeline_deputados.py', '--cfg-path', '/tmp/tmpdqxlxkzj']
[2026-06-09T18:55:20.313+0000] {standard_task_runner.py:83} INFO - Job 30: Subtask transformar_silver
[2026-06-09T18:55:20.420+0000] {task_command.py:388} INFO - Running <TaskInstance: pipeline_deputados.transformar_silver manual__2026-06-09T18:55:16.598890+00:00 [running]> on host 78cfd50ce143
[2026-06-09T18:55:20.528+0000] {taskinstance.py:1509} INFO - Exporting the following env vars:
AIRFLOW_CTX_DAG_OWNER=airflow
AIRFLOW_CTX_DAG_ID=pipeline_deputados
AIRFLOW_CTX_TASK_ID=transformar_silver
AIRFLOW_CTX_EXECUTION_DATE=2026-06-09T18:55:16.598890+00:00
AIRFLOW_CTX_TRY_NUMBER=1
AIRFLOW_CTX_DAG_RUN_ID=manual__2026-06-09T18:55:16.598890+00:00
[2026-06-09T18:55:20.659+0000] {logging_mixin.py:137} INFO - Salvo 512 deputados transformados para silver.
[2026-06-09T18:55:20.664+0000] {logging_mixin.py:137} INFO - id               0
nome             0
siglaPartido     0
siglaUf          0
idLegislatura    0
email            0
dtype: int64
[2026-06-09T18:55:20.665+0000] {logging_mixin.py:137} INFO - id                int64
nome             object
siglaPartido     object
siglaUf          object
idLegislatura     int64
email            object
dtype: object
[2026-06-09T18:55:20.668+0000] {logging_mixin.py:137} INFO - 0
[2026-06-09T18:55:20.668+0000] {python.py:177} INFO - Done. Returned value was: None
[2026-06-09T18:55:20.685+0000] {taskinstance.py:1323} INFO - Marking task as SUCCESS. dag_id=pipeline_deputados, task_id=transformar_silver, execution_date=20260609T185516, start_date=20260609T185520, end_date=20260609T185520
[2026-06-09T18:55:20.725+0000] {local_task_job.py:208} INFO - Task exited with return code 0
[2026-06-09T18:55:20.765+0000] {taskinstance.py:2578} INFO - 1 downstream tasks scheduled from follow-on schedule check
