[2026-06-08T20:29:08.175+0000] {taskinstance.py:1083} INFO - Dependencies all met for <TaskInstance: pipeline_deputados.salvar_bronze manual__2026-06-08T20:29:07.129145+00:00 [queued]>
[2026-06-08T20:29:08.190+0000] {taskinstance.py:1083} INFO - Dependencies all met for <TaskInstance: pipeline_deputados.salvar_bronze manual__2026-06-08T20:29:07.129145+00:00 [queued]>
[2026-06-08T20:29:08.190+0000] {taskinstance.py:1279} INFO - 
--------------------------------------------------------------------------------
[2026-06-08T20:29:08.190+0000] {taskinstance.py:1280} INFO - Starting attempt 1 of 1
[2026-06-08T20:29:08.190+0000] {taskinstance.py:1281} INFO - 
--------------------------------------------------------------------------------
[2026-06-08T20:29:08.209+0000] {taskinstance.py:1300} INFO - Executing <Task(PythonOperator): salvar_bronze> on 2026-06-08 20:29:07.129145+00:00
[2026-06-08T20:29:08.220+0000] {standard_task_runner.py:55} INFO - Started process 275 to run task
[2026-06-08T20:29:08.223+0000] {standard_task_runner.py:82} INFO - Running: ['airflow', 'tasks', 'run', 'pipeline_deputados', 'salvar_bronze', 'manual__2026-06-08T20:29:07.129145+00:00', '--job-id', '4', '--raw', '--subdir', 'DAGS_FOLDER/pipeline_deputados.py', '--cfg-path', '/tmp/tmp3ggnr5x0']
[2026-06-08T20:29:08.226+0000] {standard_task_runner.py:83} INFO - Job 4: Subtask salvar_bronze
[2026-06-08T20:29:08.317+0000] {task_command.py:388} INFO - Running <TaskInstance: pipeline_deputados.salvar_bronze manual__2026-06-08T20:29:07.129145+00:00 [running]> on host 982572b394d7
[2026-06-08T20:29:08.409+0000] {taskinstance.py:1509} INFO - Exporting the following env vars:
AIRFLOW_CTX_DAG_OWNER=airflow
AIRFLOW_CTX_DAG_ID=pipeline_deputados
AIRFLOW_CTX_TASK_ID=salvar_bronze
AIRFLOW_CTX_EXECUTION_DATE=2026-06-08T20:29:07.129145+00:00
AIRFLOW_CTX_TRY_NUMBER=1
AIRFLOW_CTX_DAG_RUN_ID=manual__2026-06-08T20:29:07.129145+00:00
[2026-06-08T20:29:08.812+0000] {taskinstance.py:1768} ERROR - Task failed with exception
Traceback (most recent call last):
  File "/home/airflow/.local/lib/python3.7/site-packages/airflow/operators/python.py", line 175, in execute
    return_value = self.execute_callable()
  File "/home/airflow/.local/lib/python3.7/site-packages/airflow/operators/python.py", line 192, in execute_callable
    return self.python_callable(*self.op_args, **self.op_kwargs)
  File "/opt/airflow/src/ingestion/bronze.py", line 7, in salvar_bronze
    df.to_parquet("data/bronze/deputados.parquet", index=False)
  File "/home/airflow/.local/lib/python3.7/site-packages/pandas/util/_decorators.py", line 207, in wrapper
    return func(*args, **kwargs)
  File "/home/airflow/.local/lib/python3.7/site-packages/pandas/core/frame.py", line 2685, in to_parquet
    **kwargs,
  File "/home/airflow/.local/lib/python3.7/site-packages/pandas/io/parquet.py", line 423, in to_parquet
    **kwargs,
  File "/home/airflow/.local/lib/python3.7/site-packages/pandas/io/parquet.py", line 180, in write
    is_dir=partition_cols is not None,
  File "/home/airflow/.local/lib/python3.7/site-packages/pandas/io/parquet.py", line 102, in _get_path_or_handle
    path_or_handle, mode, is_text=False, storage_options=storage_options
  File "/home/airflow/.local/lib/python3.7/site-packages/pandas/io/common.py", line 711, in get_handle
    handle = open(handle, ioargs.mode)
FileNotFoundError: [Errno 2] No such file or directory: 'data/bronze/deputados.parquet'
[2026-06-08T20:29:08.830+0000] {taskinstance.py:1323} INFO - Marking task as FAILED. dag_id=pipeline_deputados, task_id=salvar_bronze, execution_date=20260608T202907, start_date=20260608T202908, end_date=20260608T202908
[2026-06-08T20:29:08.847+0000] {standard_task_runner.py:105} ERROR - Failed to execute job 4 for task salvar_bronze ([Errno 2] No such file or directory: 'data/bronze/deputados.parquet'; 275)
[2026-06-08T20:29:08.919+0000] {local_task_job.py:208} INFO - Task exited with return code 1
[2026-06-08T20:29:08.949+0000] {taskinstance.py:2578} INFO - 0 downstream tasks scheduled from follow-on schedule check
