[2026-06-08T20:40:25.425+0000] {taskinstance.py:1083} INFO - Dependencies all met for <TaskInstance: pipeline_deputados.popular_banco manual__2026-06-08T20:40:19.290227+00:00 [queued]>
[2026-06-08T20:40:25.439+0000] {taskinstance.py:1083} INFO - Dependencies all met for <TaskInstance: pipeline_deputados.popular_banco manual__2026-06-08T20:40:19.290227+00:00 [queued]>
[2026-06-08T20:40:25.440+0000] {taskinstance.py:1279} INFO - 
--------------------------------------------------------------------------------
[2026-06-08T20:40:25.440+0000] {taskinstance.py:1280} INFO - Starting attempt 1 of 1
[2026-06-08T20:40:25.440+0000] {taskinstance.py:1281} INFO - 
--------------------------------------------------------------------------------
[2026-06-08T20:40:25.459+0000] {taskinstance.py:1300} INFO - Executing <Task(PythonOperator): popular_banco> on 2026-06-08 20:40:19.290227+00:00
[2026-06-08T20:40:25.470+0000] {standard_task_runner.py:55} INFO - Started process 459 to run task
[2026-06-08T20:40:25.475+0000] {standard_task_runner.py:82} INFO - Running: ['airflow', 'tasks', 'run', 'pipeline_deputados', 'popular_banco', 'manual__2026-06-08T20:40:19.290227+00:00', '--job-id', '21', '--raw', '--subdir', 'DAGS_FOLDER/pipeline_deputados.py', '--cfg-path', '/tmp/tmpwzew78c0']
[2026-06-08T20:40:25.478+0000] {standard_task_runner.py:83} INFO - Job 21: Subtask popular_banco
[2026-06-08T20:40:25.597+0000] {task_command.py:388} INFO - Running <TaskInstance: pipeline_deputados.popular_banco manual__2026-06-08T20:40:19.290227+00:00 [running]> on host 78cfd50ce143
[2026-06-08T20:40:25.760+0000] {taskinstance.py:1509} INFO - Exporting the following env vars:
AIRFLOW_CTX_DAG_OWNER=airflow
AIRFLOW_CTX_DAG_ID=pipeline_deputados
AIRFLOW_CTX_TASK_ID=popular_banco
AIRFLOW_CTX_EXECUTION_DATE=2026-06-08T20:40:19.290227+00:00
AIRFLOW_CTX_TRY_NUMBER=1
AIRFLOW_CTX_DAG_RUN_ID=manual__2026-06-08T20:40:19.290227+00:00
[2026-06-08T20:40:26.246+0000] {logging_mixin.py:137} INFO - Populado banco com 512 deputados.
[2026-06-08T20:40:26.247+0000] {python.py:177} INFO - Done. Returned value was: None
[2026-06-08T20:40:26.263+0000] {taskinstance.py:1323} INFO - Marking task as SUCCESS. dag_id=pipeline_deputados, task_id=popular_banco, execution_date=20260608T204019, start_date=20260608T204025, end_date=20260608T204026
[2026-06-08T20:40:26.330+0000] {local_task_job.py:208} INFO - Task exited with return code 0
[2026-06-08T20:40:26.355+0000] {taskinstance.py:2578} INFO - 0 downstream tasks scheduled from follow-on schedule check
