[0m14:04:20.516145 [debug] [MainThread]: Sending event: {'category': 'dbt', 'action': 'invocation', 'label': 'start', 'context': [<snowplow_tracker.self_describing_json.SelfDescribingJson object at 0x7aab42c5b770>, <snowplow_tracker.self_describing_json.SelfDescribingJson object at 0x7aab406ee0d0>, <snowplow_tracker.self_describing_json.SelfDescribingJson object at 0x7aab406ee5d0>]}


============================== 14:04:20.523200 | 5d50dcd5-63f8-4261-8e39-8220a7e1d70b ==============================
[0m14:04:20.523200 [info ] [MainThread]: Running with dbt=1.7.0
[0m14:04:20.523782 [debug] [MainThread]: running dbt with arguments {'partial_parse': 'True', 'use_colors': 'True', 'no_print': 'None', 'introspect': 'True', 'cache_selected_only': 'False', 'printer_width': '80', 'fail_fast': 'False', 'log_format': 'default', 'version_check': 'True', 'use_experimental_parser': 'False', 'indirect_selection': 'eager', 'warn_error_options': 'WarnErrorOptions(include=[], exclude=[])', 'quiet': 'False', 'send_anonymous_usage_stats': 'True', 'profiles_dir': '/home/vitor/.dbt', 'target_path': 'None', 'log_path': 'logs', 'warn_error': 'None', 'debug': 'False', 'write_json': 'True', 'static_parser': 'True', 'log_cache_events': 'False', 'invocation_command': 'dbt init govtrack_dbt'}
[0m14:04:20.524153 [warn ] [MainThread]: [ConfigFolderDirectory]: Unable to parse dict {'dir': PosixPath('/home/vitor/.dbt')}
[0m14:04:20.524467 [info ] [MainThread]: Creating dbt configuration folder at 
[0m14:04:20.526207 [debug] [MainThread]: Starter project path: /home/vitor/govtrack-br/.venv/lib/python3.14/site-packages/dbt/include/starter_project
[0m14:04:20.533938 [info ] [MainThread]: 
Your new dbt project "govtrack_dbt" was created!

For more information on how to configure the profiles.yml file,
please consult the dbt documentation here:

  https://docs.getdbt.com/docs/configure-your-profile

One more thing:

Need help? Don't hesitate to reach out to us via GitHub issues or on Slack:

  https://community.getdbt.com/

Happy modeling!

[0m14:04:20.534415 [info ] [MainThread]: Setting up your profile.
[0m14:04:54.463921 [info ] [MainThread]: Profile govtrack_dbt written to /home/vitor/.dbt/profiles.yml using target's sample configuration. Once updated, you'll be able to start developing with dbt.
[0m14:04:54.466535 [debug] [MainThread]: Sending event: {'category': 'dbt', 'action': 'invocation', 'label': 'end', 'context': [<snowplow_tracker.self_describing_json.SelfDescribingJson object at 0x7aab407eda70>, <snowplow_tracker.self_describing_json.SelfDescribingJson object at 0x7aab40812c30>, <snowplow_tracker.self_describing_json.SelfDescribingJson object at 0x7aab3f902690>]}
[0m14:04:54.467136 [debug] [MainThread]: Flushing usage events
[0m14:14:12.246095 [debug] [MainThread]: Sending event: {'category': 'dbt', 'action': 'invocation', 'label': 'start', 'context': [<snowplow_tracker.self_describing_json.SelfDescribingJson object at 0x74245b20c050>, <snowplow_tracker.self_describing_json.SelfDescribingJson object at 0x74245b2ada50>, <snowplow_tracker.self_describing_json.SelfDescribingJson object at 0x74245b2ad990>]}


============================== 14:14:12.250880 | 23a92228-330f-4f62-a45d-104614ddefce ==============================
[0m14:14:12.250880 [info ] [MainThread]: Running with dbt=1.8.0
[0m14:14:12.251879 [debug] [MainThread]: running dbt with arguments {'printer_width': '80', 'indirect_selection': 'eager', 'log_cache_events': 'False', 'write_json': 'True', 'partial_parse': 'True', 'cache_selected_only': 'False', 'warn_error': 'None', 'fail_fast': 'False', 'profiles_dir': '/home/vitor/.dbt', 'log_path': 'logs', 'version_check': 'True', 'debug': 'False', 'use_colors': 'True', 'use_experimental_parser': 'False', 'no_print': 'None', 'quiet': 'False', 'log_format': 'default', 'static_parser': 'True', 'introspect': 'True', 'invocation_command': 'dbt init govtrack_dbt', 'target_path': 'None', 'warn_error_options': 'WarnErrorOptions(include=[], exclude=[])', 'send_anonymous_usage_stats': 'True'}
[0m14:14:12.260871 [info ] [MainThread]: A project called govtrack_dbt already exists here.
[0m14:14:12.262045 [debug] [MainThread]: Resource report: {"command_name": "init", "command_success": true, "command_wall_clock_time": 0.057323877, "process_user_time": 0.994801, "process_kernel_time": 0.235716, "process_mem_max_rss": "98960", "process_out_blocks": "24", "process_in_blocks": "0"}
[0m14:14:12.262541 [debug] [MainThread]: Command `dbt init` succeeded at 14:14:12.262445 after 0.06 seconds
[0m14:14:12.262921 [debug] [MainThread]: Sending event: {'category': 'dbt', 'action': 'invocation', 'label': 'end', 'context': [<snowplow_tracker.self_describing_json.SelfDescribingJson object at 0x74245b0b95d0>, <snowplow_tracker.self_describing_json.SelfDescribingJson object at 0x74245b0bb0d0>, <snowplow_tracker.self_describing_json.SelfDescribingJson object at 0x74245b0b9890>]}
[0m14:14:12.263273 [debug] [MainThread]: Flushing usage events
