[2026-06-09T19:40:28.288+0000] {taskinstance.py:1083} INFO - Dependencies all met for <TaskInstance: pipeline_deputados.emendas_silver manual__2026-06-09T19:40:25.244496+00:00 [queued]>
[2026-06-09T19:40:28.309+0000] {taskinstance.py:1083} INFO - Dependencies all met for <TaskInstance: pipeline_deputados.emendas_silver manual__2026-06-09T19:40:25.244496+00:00 [queued]>
[2026-06-09T19:40:28.310+0000] {taskinstance.py:1279} INFO - 
--------------------------------------------------------------------------------
[2026-06-09T19:40:28.310+0000] {taskinstance.py:1280} INFO - Starting attempt 1 of 1
[2026-06-09T19:40:28.310+0000] {taskinstance.py:1281} INFO - 
--------------------------------------------------------------------------------
[2026-06-09T19:40:28.334+0000] {taskinstance.py:1300} INFO - Executing <Task(PythonOperator): emendas_silver> on 2026-06-09 19:40:25.244496+00:00
[2026-06-09T19:40:28.348+0000] {standard_task_runner.py:55} INFO - Started process 210 to run task
[2026-06-09T19:40:28.355+0000] {standard_task_runner.py:82} INFO - Running: ['airflow', 'tasks', 'run', 'pipeline_deputados', 'emendas_silver', 'manual__2026-06-09T19:40:25.244496+00:00', '--job-id', '44', '--raw', '--subdir', 'DAGS_FOLDER/pipeline_deputados.py', '--cfg-path', '/tmp/tmplzpt5uzd']
[2026-06-09T19:40:28.358+0000] {standard_task_runner.py:83} INFO - Job 44: Subtask emendas_silver
[2026-06-09T19:40:28.475+0000] {task_command.py:388} INFO - Running <TaskInstance: pipeline_deputados.emendas_silver manual__2026-06-09T19:40:25.244496+00:00 [running]> on host 398671cd1136
[2026-06-09T19:40:28.587+0000] {taskinstance.py:1509} INFO - Exporting the following env vars:
AIRFLOW_CTX_DAG_OWNER=airflow
AIRFLOW_CTX_DAG_ID=pipeline_deputados
AIRFLOW_CTX_TASK_ID=emendas_silver
AIRFLOW_CTX_EXECUTION_DATE=2026-06-09T19:40:25.244496+00:00
AIRFLOW_CTX_TRY_NUMBER=1
AIRFLOW_CTX_DAG_RUN_ID=manual__2026-06-09T19:40:25.244496+00:00
[2026-06-09T19:40:28.986+0000] {logging_mixin.py:137} WARNING - /opt/airflow/src/transformation/emendas_silver.py:9 FutureWarning: The default value of regex will change from True to False in a future version. In addition, single character regular expressions will *not* be treated as literal strings when regex=True.
[2026-06-09T19:40:28.990+0000] {logging_mixin.py:137} WARNING - /opt/airflow/src/transformation/emendas_silver.py:9 SettingWithCopyWarning: 
A value is trying to be set on a copy of a slice from a DataFrame.
Try using .loc[row_indexer,col_indexer] = value instead

See the caveats in the documentation: https://pandas.pydata.org/pandas-docs/stable/user_guide/indexing.html#returning-a-view-versus-a-copy
[2026-06-09T19:40:28.994+0000] {logging_mixin.py:137} INFO - Salvo 15 emendas transformadas para silver.
[2026-06-09T19:40:28.998+0000] {logging_mixin.py:137} INFO - codigoEmenda         0
ano                  0
tipoEmenda           0
autor                0
localidadeDoGasto    0
funcao               0
valorPago            0
dtype: int64
[2026-06-09T19:40:29.000+0000] {logging_mixin.py:137} INFO - codigoEmenda          object
ano                    int64
tipoEmenda            object
autor                 object
localidadeDoGasto     object
funcao                object
valorPago            float64
dtype: object
[2026-06-09T19:40:29.004+0000] {logging_mixin.py:137} INFO - 0
[2026-06-09T19:40:29.005+0000] {python.py:177} INFO - Done. Returned value was: None
[2026-06-09T19:40:29.022+0000] {taskinstance.py:1323} INFO - Marking task as SUCCESS. dag_id=pipeline_deputados, task_id=emendas_silver, execution_date=20260609T194025, start_date=20260609T194028, end_date=20260609T194029
[2026-06-09T19:40:29.091+0000] {local_task_job.py:208} INFO - Task exited with return code 0
[2026-06-09T19:40:29.123+0000] {taskinstance.py:2578} INFO - 1 downstream tasks scheduled from follow-on schedule check
