[2026-06-09T19:40:32.634+0000] {taskinstance.py:1083} INFO - Dependencies all met for <TaskInstance: pipeline_deputados.popular_banco manual__2026-06-09T19:40:25.244496+00:00 [queued]>
[2026-06-09T19:40:32.651+0000] {taskinstance.py:1083} INFO - Dependencies all met for <TaskInstance: pipeline_deputados.popular_banco manual__2026-06-09T19:40:25.244496+00:00 [queued]>
[2026-06-09T19:40:32.651+0000] {taskinstance.py:1279} INFO - 
--------------------------------------------------------------------------------
[2026-06-09T19:40:32.651+0000] {taskinstance.py:1280} INFO - Starting attempt 1 of 1
[2026-06-09T19:40:32.651+0000] {taskinstance.py:1281} INFO - 
--------------------------------------------------------------------------------
[2026-06-09T19:40:32.672+0000] {taskinstance.py:1300} INFO - Executing <Task(PythonOperator): popular_banco> on 2026-06-09 19:40:25.244496+00:00
[2026-06-09T19:40:32.683+0000] {standard_task_runner.py:55} INFO - Started process 301 to run task
[2026-06-09T19:40:32.688+0000] {standard_task_runner.py:82} INFO - Running: ['airflow', 'tasks', 'run', 'pipeline_deputados', 'popular_banco', 'manual__2026-06-09T19:40:25.244496+00:00', '--job-id', '47', '--raw', '--subdir', 'DAGS_FOLDER/pipeline_deputados.py', '--cfg-path', '/tmp/tmppbcy9i2_']
[2026-06-09T19:40:32.690+0000] {standard_task_runner.py:83} INFO - Job 47: Subtask popular_banco
[2026-06-09T19:40:32.796+0000] {task_command.py:388} INFO - Running <TaskInstance: pipeline_deputados.popular_banco manual__2026-06-09T19:40:25.244496+00:00 [running]> on host 398671cd1136
[2026-06-09T19:40:32.898+0000] {taskinstance.py:1509} INFO - Exporting the following env vars:
AIRFLOW_CTX_DAG_OWNER=airflow
AIRFLOW_CTX_DAG_ID=pipeline_deputados
AIRFLOW_CTX_TASK_ID=popular_banco
AIRFLOW_CTX_EXECUTION_DATE=2026-06-09T19:40:25.244496+00:00
AIRFLOW_CTX_TRY_NUMBER=1
AIRFLOW_CTX_DAG_RUN_ID=manual__2026-06-09T19:40:25.244496+00:00
[2026-06-09T19:40:33.379+0000] {logging_mixin.py:137} INFO - Populado banco com 512 deputados.
[2026-06-09T19:40:33.379+0000] {python.py:177} INFO - Done. Returned value was: None
[2026-06-09T19:40:33.395+0000] {taskinstance.py:1323} INFO - Marking task as SUCCESS. dag_id=pipeline_deputados, task_id=popular_banco, execution_date=20260609T194025, start_date=20260609T194032, end_date=20260609T194033
[2026-06-09T19:40:33.463+0000] {local_task_job.py:208} INFO - Task exited with return code 0
[2026-06-09T19:40:33.495+0000] {taskinstance.py:2578} INFO - 0 downstream tasks scheduled from follow-on schedule check
