[2026-06-08T19:05:43.863+0000] {manager.py:483} INFO - Processing files using up to 2 processes at a time 
[2026-06-08T19:05:43.871+0000] {manager.py:484} INFO - Process each file at most once every 30 seconds
[2026-06-08T19:05:43.871+0000] {manager.py:486} INFO - Checking for new files in /opt/airflow/dags every 300 seconds
[2026-06-08T19:05:43.872+0000] {manager.py:726} INFO - Searching for files in /opt/airflow/dags
[2026-06-08T19:05:43.874+0000] {manager.py:729} INFO - There are 0 files in /opt/airflow/dags
[2026-06-08T19:10:44.725+0000] {manager.py:726} INFO - Searching for files in /opt/airflow/dags
[2026-06-08T19:10:44.726+0000] {manager.py:729} INFO - There are 0 files in /opt/airflow/dags
[2026-06-08T19:15:45.266+0000] {manager.py:726} INFO - Searching for files in /opt/airflow/dags
[2026-06-08T19:15:45.268+0000] {manager.py:729} INFO - There are 0 files in /opt/airflow/dags
[2026-06-08T19:20:45.815+0000] {manager.py:726} INFO - Searching for files in /opt/airflow/dags
[2026-06-08T19:20:45.815+0000] {manager.py:729} INFO - There are 0 files in /opt/airflow/dags
[2026-06-08T19:25:46.355+0000] {manager.py:726} INFO - Searching for files in /opt/airflow/dags
[2026-06-08T19:25:46.356+0000] {manager.py:729} INFO - There are 0 files in /opt/airflow/dags
[2026-06-08T19:30:46.927+0000] {manager.py:726} INFO - Searching for files in /opt/airflow/dags
[2026-06-08T19:30:46.927+0000] {manager.py:729} INFO - There are 0 files in /opt/airflow/dags
[2026-06-08T19:35:47.523+0000] {manager.py:726} INFO - Searching for files in /opt/airflow/dags
[2026-06-08T19:35:47.526+0000] {manager.py:729} INFO - There are 0 files in /opt/airflow/dags
[2026-06-08T19:40:48.104+0000] {manager.py:726} INFO - Searching for files in /opt/airflow/dags
[2026-06-08T19:40:48.104+0000] {manager.py:729} INFO - There are 0 files in /opt/airflow/dags
[2026-06-08T19:45:48.677+0000] {manager.py:726} INFO - Searching for files in /opt/airflow/dags
[2026-06-08T19:45:48.677+0000] {manager.py:729} INFO - There are 0 files in /opt/airflow/dags
[2026-06-08T19:50:49.267+0000] {manager.py:726} INFO - Searching for files in /opt/airflow/dags
[2026-06-08T19:50:49.268+0000] {manager.py:729} INFO - There are 0 files in /opt/airflow/dags
[2026-06-08T19:55:49.863+0000] {manager.py:726} INFO - Searching for files in /opt/airflow/dags
[2026-06-08T19:55:49.863+0000] {manager.py:729} INFO - There are 0 files in /opt/airflow/dags
[2026-06-08T20:00:50.487+0000] {manager.py:726} INFO - Searching for files in /opt/airflow/dags
[2026-06-08T20:00:50.491+0000] {manager.py:729} INFO - There are 0 files in /opt/airflow/dags
[2026-06-08T20:05:51.136+0000] {manager.py:726} INFO - Searching for files in /opt/airflow/dags
[2026-06-08T20:05:51.140+0000] {manager.py:729} INFO - There are 1 files in /opt/airflow/dags
[2026-06-08T20:06:03.294+0000] {manager.py:854} INFO - 
================================================================================
DAG File Processing Stats

File Path                                PID    Runtime      # DAGs    # Errors  Last Runtime    Last Run
---------------------------------------  -----  ---------  --------  ----------  --------------  -------------------
/opt/airflow/dags/pipeline_deputados.py                           0           1  0.17s           2026-06-08T20:05:51
================================================================================
[2026-06-08T20:06:33.614+0000] {manager.py:854} INFO - 
================================================================================
DAG File Processing Stats

File Path                                PID    Runtime      # DAGs    # Errors  Last Runtime    Last Run
---------------------------------------  -----  ---------  --------  ----------  --------------  -------------------
/opt/airflow/dags/pipeline_deputados.py                           0           1  0.09s           2026-06-08T20:06:31
================================================================================
[2026-06-08T20:07:03.987+0000] {manager.py:854} INFO - 
================================================================================
DAG File Processing Stats

File Path                                PID    Runtime      # DAGs    # Errors  Last Runtime    Last Run
---------------------------------------  -----  ---------  --------  ----------  --------------  -------------------
/opt/airflow/dags/pipeline_deputados.py                           0           1  0.07s           2026-06-08T20:07:00
================================================================================
[2026-06-08T20:07:34.501+0000] {manager.py:854} INFO - 
================================================================================
DAG File Processing Stats

File Path                                PID    Runtime      # DAGs    # Errors  Last Runtime    Last Run
---------------------------------------  -----  ---------  --------  ----------  --------------  -------------------
/opt/airflow/dags/pipeline_deputados.py                           0           1  0.08s           2026-06-08T20:07:32
================================================================================
[2026-06-08T20:08:04.830+0000] {manager.py:854} INFO - 
================================================================================
DAG File Processing Stats

File Path                                PID    Runtime      # DAGs    # Errors  Last Runtime    Last Run
---------------------------------------  -----  ---------  --------  ----------  --------------  -------------------
/opt/airflow/dags/pipeline_deputados.py                           0           1  0.07s           2026-06-08T20:07:52
================================================================================
[2026-06-08T20:08:35.203+0000] {manager.py:854} INFO - 
================================================================================
DAG File Processing Stats

File Path                                  PID  Runtime      # DAGs    # Errors  Last Runtime    Last Run
---------------------------------------  -----  ---------  --------  ----------  --------------  -------------------
/opt/airflow/dags/pipeline_deputados.py    313  0.01s             0           1  0.07s           2026-06-08T20:08:32
================================================================================
[2026-06-08T20:09:05.672+0000] {manager.py:854} INFO - 
================================================================================
DAG File Processing Stats

File Path                                PID    Runtime      # DAGs    # Errors  Last Runtime    Last Run
---------------------------------------  -----  ---------  --------  ----------  --------------  -------------------
/opt/airflow/dags/pipeline_deputados.py                           0           1  0.07s           2026-06-08T20:09:01
================================================================================
[2026-06-08T20:09:35.953+0000] {manager.py:854} INFO - 
================================================================================
DAG File Processing Stats

File Path                                PID    Runtime      # DAGs    # Errors  Last Runtime    Last Run
---------------------------------------  -----  ---------  --------  ----------  --------------  -------------------
/opt/airflow/dags/pipeline_deputados.py                           0           1  0.09s           2026-06-08T20:09:20
================================================================================
[2026-06-08T20:10:06.160+0000] {manager.py:854} INFO - 
================================================================================
DAG File Processing Stats

File Path                                PID    Runtime      # DAGs    # Errors  Last Runtime    Last Run
---------------------------------------  -----  ---------  --------  ----------  --------------  -------------------
/opt/airflow/dags/pipeline_deputados.py                           0           1  0.08s           2026-06-08T20:09:51
================================================================================
[2026-06-08T20:10:36.577+0000] {manager.py:854} INFO - 
================================================================================
DAG File Processing Stats

File Path                                PID    Runtime      # DAGs    # Errors  Last Runtime    Last Run
---------------------------------------  -----  ---------  --------  ----------  --------------  -------------------
/opt/airflow/dags/pipeline_deputados.py                           0           1  0.08s           2026-06-08T20:10:22
================================================================================
[2026-06-08T20:10:51.659+0000] {manager.py:726} INFO - Searching for files in /opt/airflow/dags
[2026-06-08T20:10:51.660+0000] {manager.py:729} INFO - There are 1 files in /opt/airflow/dags
[2026-06-08T20:11:06.775+0000] {manager.py:854} INFO - 
================================================================================
DAG File Processing Stats

File Path                                PID    Runtime      # DAGs    # Errors  Last Runtime    Last Run
---------------------------------------  -----  ---------  --------  ----------  --------------  -------------------
/opt/airflow/dags/pipeline_deputados.py                           0           1  0.07s           2026-06-08T20:10:52
================================================================================
[2026-06-08T20:11:36.963+0000] {manager.py:854} INFO - 
================================================================================
DAG File Processing Stats

File Path                                PID    Runtime      # DAGs    # Errors  Last Runtime    Last Run
---------------------------------------  -----  ---------  --------  ----------  --------------  -------------------
/opt/airflow/dags/pipeline_deputados.py                           0           1  0.08s           2026-06-08T20:11:18
================================================================================
[2026-06-08T20:12:07.266+0000] {manager.py:854} INFO - 
================================================================================
DAG File Processing Stats

File Path                                PID    Runtime      # DAGs    # Errors  Last Runtime    Last Run
---------------------------------------  -----  ---------  --------  ----------  --------------  -------------------
/opt/airflow/dags/pipeline_deputados.py                           0           1  0.08s           2026-06-08T20:11:59
================================================================================
[2026-06-08T20:12:37.457+0000] {manager.py:854} INFO - 
================================================================================
DAG File Processing Stats

File Path                                PID    Runtime      # DAGs    # Errors  Last Runtime    Last Run
---------------------------------------  -----  ---------  --------  ----------  --------------  -------------------
/opt/airflow/dags/pipeline_deputados.py                           0           1  0.08s           2026-06-08T20:12:13
================================================================================
[2026-06-08T20:13:07.694+0000] {manager.py:854} INFO - 
================================================================================
DAG File Processing Stats

File Path                                PID    Runtime      # DAGs    # Errors  Last Runtime    Last Run
---------------------------------------  -----  ---------  --------  ----------  --------------  -------------------
/opt/airflow/dags/pipeline_deputados.py                           0           1  0.08s           2026-06-08T20:13:02
================================================================================
[2026-06-08T20:13:37.943+0000] {manager.py:854} INFO - 
================================================================================
DAG File Processing Stats

File Path                                PID    Runtime      # DAGs    # Errors  Last Runtime    Last Run
---------------------------------------  -----  ---------  --------  ----------  --------------  -------------------
/opt/airflow/dags/pipeline_deputados.py                           0           1  0.10s           2026-06-08T20:13:19
================================================================================
[2026-06-08T20:14:08.224+0000] {manager.py:854} INFO - 
================================================================================
DAG File Processing Stats

File Path                                PID    Runtime      # DAGs    # Errors  Last Runtime    Last Run
---------------------------------------  -----  ---------  --------  ----------  --------------  -------------------
/opt/airflow/dags/pipeline_deputados.py                           0           1  0.09s           2026-06-08T20:14:06
================================================================================
[2026-06-08T20:14:38.401+0000] {manager.py:854} INFO - 
================================================================================
DAG File Processing Stats

File Path                                PID    Runtime      # DAGs    # Errors  Last Runtime    Last Run
---------------------------------------  -----  ---------  --------  ----------  --------------  -------------------
/opt/airflow/dags/pipeline_deputados.py                           0           1  0.07s           2026-06-08T20:14:36
================================================================================
[2026-06-08T20:15:08.591+0000] {manager.py:854} INFO - 
================================================================================
DAG File Processing Stats

File Path                                PID    Runtime      # DAGs    # Errors  Last Runtime    Last Run
---------------------------------------  -----  ---------  --------  ----------  --------------  -------------------
/opt/airflow/dags/pipeline_deputados.py                           0           1  0.09s           2026-06-08T20:15:06
================================================================================
[2026-06-08T20:15:38.799+0000] {manager.py:854} INFO - 
================================================================================
DAG File Processing Stats

File Path                                  PID  Runtime      # DAGs    # Errors  Last Runtime    Last Run
---------------------------------------  -----  ---------  --------  ----------  --------------  -------------------
/opt/airflow/dags/pipeline_deputados.py    483  0.01s             0           1  0.08s           2026-06-08T20:15:36
================================================================================
[2026-06-08T20:15:51.928+0000] {manager.py:726} INFO - Searching for files in /opt/airflow/dags
[2026-06-08T20:15:51.929+0000] {manager.py:729} INFO - There are 0 files in /opt/airflow/dags
[2026-06-08T20:20:52.548+0000] {manager.py:726} INFO - Searching for files in /opt/airflow/dags
[2026-06-08T20:20:52.549+0000] {manager.py:729} INFO - There are 1 files in /opt/airflow/dags
[2026-06-08T20:21:10.674+0000] {manager.py:854} INFO - 
================================================================================
DAG File Processing Stats

File Path                                PID    Runtime      # DAGs    # Errors  Last Runtime    Last Run
---------------------------------------  -----  ---------  --------  ----------  --------------  -------------------
/opt/airflow/dags/pipeline_deputados.py                           0           1  0.08s           2026-06-08T20:20:52
================================================================================
[2026-06-08T20:21:35.618+0000] {manager.py:465} INFO - Exiting gracefully upon receiving signal 15
[2026-06-08T20:21:54.993+0000] {manager.py:483} INFO - Processing files using up to 2 processes at a time 
[2026-06-08T20:21:54.998+0000] {manager.py:484} INFO - Process each file at most once every 30 seconds
[2026-06-08T20:21:54.999+0000] {manager.py:486} INFO - Checking for new files in /opt/airflow/dags every 300 seconds
[2026-06-08T20:21:55.000+0000] {manager.py:726} INFO - Searching for files in /opt/airflow/dags
[2026-06-08T20:21:55.004+0000] {manager.py:729} INFO - There are 1 files in /opt/airflow/dags
[2026-06-08T20:21:55.279+0000] {manager.py:854} INFO - 
================================================================================
DAG File Processing Stats

File Path                                  PID  Runtime      # DAGs    # Errors  Last Runtime    Last Run
---------------------------------------  -----  ---------  --------  ----------  --------------  ----------
/opt/airflow/dags/pipeline_deputados.py    177  0.14s             0           0
================================================================================
[2026-06-08T20:22:25.420+0000] {manager.py:854} INFO - 
================================================================================
DAG File Processing Stats

File Path                                PID    Runtime      # DAGs    # Errors  Last Runtime    Last Run
---------------------------------------  -----  ---------  --------  ----------  --------------  -------------------
/opt/airflow/dags/pipeline_deputados.py                           0           1  1.84s           2026-06-08T20:21:56
================================================================================
[2026-06-08T20:22:55.590+0000] {manager.py:854} INFO - 
================================================================================
DAG File Processing Stats

File Path                                PID    Runtime      # DAGs    # Errors  Last Runtime    Last Run
---------------------------------------  -----  ---------  --------  ----------  --------------  -------------------
/opt/airflow/dags/pipeline_deputados.py                           0           1  3.55s           2026-06-08T20:22:30
================================================================================
[2026-06-08T20:23:25.996+0000] {manager.py:854} INFO - 
================================================================================
DAG File Processing Stats

File Path                                PID    Runtime      # DAGs    # Errors  Last Runtime    Last Run
---------------------------------------  -----  ---------  --------  ----------  --------------  -------------------
/opt/airflow/dags/pipeline_deputados.py                           0           1  15.61s          2026-06-08T20:23:16
================================================================================
[2026-06-08T20:23:56.635+0000] {manager.py:854} INFO - 
================================================================================
DAG File Processing Stats

File Path                                PID    Runtime      # DAGs    # Errors  Last Runtime    Last Run
---------------------------------------  -----  ---------  --------  ----------  --------------  -------------------
/opt/airflow/dags/pipeline_deputados.py                           0           1  0.37s           2026-06-08T20:23:46
================================================================================
[2026-06-08T20:24:27.154+0000] {manager.py:854} INFO - 
================================================================================
DAG File Processing Stats

File Path                                PID    Runtime      # DAGs    # Errors  Last Runtime    Last Run
---------------------------------------  -----  ---------  --------  ----------  --------------  -------------------
/opt/airflow/dags/pipeline_deputados.py                           0           1  0.41s           2026-06-08T20:24:17
================================================================================
[2026-06-08T20:24:57.719+0000] {manager.py:854} INFO - 
================================================================================
DAG File Processing Stats

File Path                                PID    Runtime      # DAGs    # Errors  Last Runtime    Last Run
---------------------------------------  -----  ---------  --------  ----------  --------------  -------------------
/opt/airflow/dags/pipeline_deputados.py                           0           1  0.37s           2026-06-08T20:24:48
================================================================================
[2026-06-08T20:25:28.227+0000] {manager.py:854} INFO - 
================================================================================
DAG File Processing Stats

File Path                                PID    Runtime      # DAGs    # Errors  Last Runtime    Last Run
---------------------------------------  -----  ---------  --------  ----------  --------------  -------------------
/opt/airflow/dags/pipeline_deputados.py                           0           1  0.35s           2026-06-08T20:25:18
================================================================================
[2026-06-08T20:25:58.731+0000] {manager.py:854} INFO - 
================================================================================
DAG File Processing Stats

File Path                                PID    Runtime      # DAGs    # Errors  Last Runtime    Last Run
---------------------------------------  -----  ---------  --------  ----------  --------------  -------------------
/opt/airflow/dags/pipeline_deputados.py                           0           1  0.38s           2026-06-08T20:25:49
================================================================================
[2026-06-08T20:26:29.544+0000] {manager.py:854} INFO - 
================================================================================
DAG File Processing Stats

File Path                                PID    Runtime      # DAGs    # Errors  Last Runtime    Last Run
---------------------------------------  -----  ---------  --------  ----------  --------------  -------------------
/opt/airflow/dags/pipeline_deputados.py                           0           1  2.39s           2026-06-08T20:26:21
================================================================================
[2026-06-08T20:26:55.410+0000] {manager.py:726} INFO - Searching for files in /opt/airflow/dags
[2026-06-08T20:26:55.411+0000] {manager.py:729} INFO - There are 1 files in /opt/airflow/dags
[2026-06-08T20:26:59.825+0000] {manager.py:854} INFO - 
================================================================================
DAG File Processing Stats

File Path                                PID    Runtime      # DAGs    # Errors  Last Runtime    Last Run
---------------------------------------  -----  ---------  --------  ----------  --------------  -------------------
/opt/airflow/dags/pipeline_deputados.py                           0           1  1.74s           2026-06-08T20:26:53
================================================================================
[2026-06-08T20:27:29.887+0000] {manager.py:854} INFO - 
================================================================================
DAG File Processing Stats

File Path                                PID    Runtime      # DAGs    # Errors  Last Runtime    Last Run
---------------------------------------  -----  ---------  --------  ----------  --------------  -------------------
/opt/airflow/dags/pipeline_deputados.py                           1           0  1.28s           2026-06-08T20:27:24
================================================================================
[2026-06-08T20:27:59.990+0000] {manager.py:854} INFO - 
================================================================================
DAG File Processing Stats

File Path                                PID    Runtime      # DAGs    # Errors  Last Runtime    Last Run
---------------------------------------  -----  ---------  --------  ----------  --------------  -------------------
/opt/airflow/dags/pipeline_deputados.py                           1           0  0.60s           2026-06-08T20:27:55
================================================================================
[2026-06-08T20:28:30.522+0000] {manager.py:854} INFO - 
================================================================================
DAG File Processing Stats

File Path                                PID    Runtime      # DAGs    # Errors  Last Runtime    Last Run
---------------------------------------  -----  ---------  --------  ----------  --------------  -------------------
/opt/airflow/dags/pipeline_deputados.py                           1           0  1.74s           2026-06-08T20:28:27
================================================================================
[2026-06-08T20:29:01.049+0000] {manager.py:854} INFO - 
================================================================================
DAG File Processing Stats

File Path                                PID    Runtime      # DAGs    # Errors  Last Runtime    Last Run
---------------------------------------  -----  ---------  --------  ----------  --------------  -------------------
/opt/airflow/dags/pipeline_deputados.py                           1           0  0.42s           2026-06-08T20:28:58
================================================================================
[2026-06-08T20:29:31.084+0000] {manager.py:854} INFO - 
================================================================================
DAG File Processing Stats

File Path                                PID    Runtime      # DAGs    # Errors  Last Runtime    Last Run
---------------------------------------  -----  ---------  --------  ----------  --------------  -------------------
/opt/airflow/dags/pipeline_deputados.py                           1           0  0.47s           2026-06-08T20:29:29
================================================================================
[2026-06-08T20:30:01.238+0000] {manager.py:854} INFO - 
================================================================================
DAG File Processing Stats

File Path                                PID    Runtime      # DAGs    # Errors  Last Runtime    Last Run
---------------------------------------  -----  ---------  --------  ----------  --------------  -------------------
/opt/airflow/dags/pipeline_deputados.py                           1           0  0.42s           2026-06-08T20:29:59
================================================================================
[2026-06-08T20:30:31.798+0000] {manager.py:854} INFO - 
================================================================================
DAG File Processing Stats

File Path                                PID    Runtime      # DAGs    # Errors  Last Runtime    Last Run
---------------------------------------  -----  ---------  --------  ----------  --------------  -------------------
/opt/airflow/dags/pipeline_deputados.py                           1           0  0.40s           2026-06-08T20:30:30
================================================================================
[2026-06-08T20:30:54.063+0000] {manager.py:465} INFO - Exiting gracefully upon receiving signal 15
[2026-06-08T20:31:04.500+0000] {manager.py:483} INFO - Processing files using up to 2 processes at a time 
[2026-06-08T20:31:04.502+0000] {manager.py:484} INFO - Process each file at most once every 30 seconds
[2026-06-08T20:31:04.502+0000] {manager.py:486} INFO - Checking for new files in /opt/airflow/dags every 300 seconds
[2026-06-08T20:31:04.503+0000] {manager.py:726} INFO - Searching for files in /opt/airflow/dags
[2026-06-08T20:31:04.505+0000] {manager.py:729} INFO - There are 1 files in /opt/airflow/dags
[2026-06-08T20:31:04.791+0000] {manager.py:854} INFO - 
================================================================================
DAG File Processing Stats

File Path                                  PID  Runtime      # DAGs    # Errors  Last Runtime    Last Run
---------------------------------------  -----  ---------  --------  ----------  --------------  ----------
/opt/airflow/dags/pipeline_deputados.py    177  0.05s             0           0
================================================================================
[2026-06-08T20:31:34.942+0000] {manager.py:854} INFO - 
================================================================================
DAG File Processing Stats

File Path                                PID    Runtime      # DAGs    # Errors  Last Runtime    Last Run
---------------------------------------  -----  ---------  --------  ----------  --------------  -------------------
/opt/airflow/dags/pipeline_deputados.py                           1           0  0.61s           2026-06-08T20:31:05
================================================================================
[2026-06-08T20:32:05.456+0000] {manager.py:854} INFO - 
================================================================================
DAG File Processing Stats

File Path                                PID    Runtime      # DAGs    # Errors  Last Runtime    Last Run
---------------------------------------  -----  ---------  --------  ----------  --------------  -------------------
/opt/airflow/dags/pipeline_deputados.py                           1           0  0.40s           2026-06-08T20:31:35
================================================================================
[2026-06-08T20:32:36.000+0000] {manager.py:854} INFO - 
================================================================================
DAG File Processing Stats

File Path                                PID    Runtime      # DAGs    # Errors  Last Runtime    Last Run
---------------------------------------  -----  ---------  --------  ----------  --------------  -------------------
/opt/airflow/dags/pipeline_deputados.py                           1           0  0.41s           2026-06-08T20:32:06
================================================================================
[2026-06-08T20:33:06.027+0000] {manager.py:854} INFO - 
================================================================================
DAG File Processing Stats

File Path                                PID    Runtime      # DAGs    # Errors  Last Runtime    Last Run
---------------------------------------  -----  ---------  --------  ----------  --------------  -------------------
/opt/airflow/dags/pipeline_deputados.py                           1           0  0.48s           2026-06-08T20:32:36
================================================================================
[2026-06-08T20:33:36.190+0000] {manager.py:854} INFO - 
================================================================================
DAG File Processing Stats

File Path                                PID    Runtime      # DAGs    # Errors  Last Runtime    Last Run
---------------------------------------  -----  ---------  --------  ----------  --------------  -------------------
/opt/airflow/dags/pipeline_deputados.py                           1           0  0.41s           2026-06-08T20:33:07
================================================================================
[2026-06-08T20:34:06.212+0000] {manager.py:854} INFO - 
================================================================================
DAG File Processing Stats

File Path                                PID    Runtime      # DAGs    # Errors  Last Runtime    Last Run
---------------------------------------  -----  ---------  --------  ----------  --------------  -------------------
/opt/airflow/dags/pipeline_deputados.py                           1           0  0.46s           2026-06-08T20:33:38
================================================================================
[2026-06-08T20:34:36.369+0000] {manager.py:854} INFO - 
================================================================================
DAG File Processing Stats

File Path                                PID    Runtime      # DAGs    # Errors  Last Runtime    Last Run
---------------------------------------  -----  ---------  --------  ----------  --------------  -------------------
/opt/airflow/dags/pipeline_deputados.py                           1           0  0.41s           2026-06-08T20:34:08
================================================================================
[2026-06-08T20:34:59.031+0000] {manager.py:465} INFO - Exiting gracefully upon receiving signal 15
[2026-06-08T20:35:14.170+0000] {manager.py:483} INFO - Processing files using up to 2 processes at a time 
[2026-06-08T20:35:14.171+0000] {manager.py:484} INFO - Process each file at most once every 30 seconds
[2026-06-08T20:35:14.172+0000] {manager.py:486} INFO - Checking for new files in /opt/airflow/dags every 300 seconds
[2026-06-08T20:35:14.172+0000] {manager.py:726} INFO - Searching for files in /opt/airflow/dags
[2026-06-08T20:35:14.173+0000] {manager.py:729} INFO - There are 1 files in /opt/airflow/dags
[2026-06-08T20:35:14.258+0000] {manager.py:854} INFO - 
================================================================================
DAG File Processing Stats

File Path                                  PID  Runtime      # DAGs    # Errors  Last Runtime    Last Run
---------------------------------------  -----  ---------  --------  ----------  --------------  ----------
/opt/airflow/dags/pipeline_deputados.py    177  0.04s             0           0
================================================================================
[2026-06-08T20:35:44.414+0000] {manager.py:854} INFO - 
================================================================================
DAG File Processing Stats

File Path                                PID    Runtime      # DAGs    # Errors  Last Runtime    Last Run
---------------------------------------  -----  ---------  --------  ----------  --------------  -------------------
/opt/airflow/dags/pipeline_deputados.py                           1           0  1.15s           2026-06-08T20:35:15
================================================================================
[2026-06-08T20:36:14.643+0000] {manager.py:854} INFO - 
================================================================================
DAG File Processing Stats

File Path                                PID    Runtime      # DAGs    # Errors  Last Runtime    Last Run
---------------------------------------  -----  ---------  --------  ----------  --------------  -------------------
/opt/airflow/dags/pipeline_deputados.py                           1           0  0.45s           2026-06-08T20:35:45
================================================================================
[2026-06-08T20:36:44.650+0000] {manager.py:854} INFO - 
================================================================================
DAG File Processing Stats

File Path                                PID    Runtime      # DAGs    # Errors  Last Runtime    Last Run
---------------------------------------  -----  ---------  --------  ----------  --------------  -------------------
/opt/airflow/dags/pipeline_deputados.py                           1           0  0.49s           2026-06-08T20:36:16
================================================================================
[2026-06-08T20:37:15.337+0000] {manager.py:854} INFO - 
================================================================================
DAG File Processing Stats

File Path                                PID    Runtime      # DAGs    # Errors  Last Runtime    Last Run
---------------------------------------  -----  ---------  --------  ----------  --------------  -------------------
/opt/airflow/dags/pipeline_deputados.py                           1           0  0.53s           2026-06-08T20:36:47
================================================================================
[2026-06-08T20:37:45.497+0000] {manager.py:854} INFO - 
================================================================================
DAG File Processing Stats

File Path                                PID    Runtime      # DAGs    # Errors  Last Runtime    Last Run
---------------------------------------  -----  ---------  --------  ----------  --------------  -------------------
/opt/airflow/dags/pipeline_deputados.py                           1           0  0.41s           2026-06-08T20:37:17
================================================================================
[2026-06-08T20:38:15.660+0000] {manager.py:854} INFO - 
================================================================================
DAG File Processing Stats

File Path                                PID    Runtime      # DAGs    # Errors  Last Runtime    Last Run
---------------------------------------  -----  ---------  --------  ----------  --------------  -------------------
/opt/airflow/dags/pipeline_deputados.py                           1           0  0.68s           2026-06-08T20:37:48
================================================================================
[2026-06-08T20:38:45.870+0000] {manager.py:854} INFO - 
================================================================================
DAG File Processing Stats

File Path                                PID    Runtime      # DAGs    # Errors  Last Runtime    Last Run
---------------------------------------  -----  ---------  --------  ----------  --------------  -------------------
/opt/airflow/dags/pipeline_deputados.py                           1           0  0.60s           2026-06-08T20:38:19
================================================================================
[2026-06-08T20:39:16.030+0000] {manager.py:854} INFO - 
================================================================================
DAG File Processing Stats

File Path                                PID    Runtime      # DAGs    # Errors  Last Runtime    Last Run
---------------------------------------  -----  ---------  --------  ----------  --------------  -------------------
/opt/airflow/dags/pipeline_deputados.py                           1           0  0.49s           2026-06-08T20:38:49
================================================================================
[2026-06-08T20:39:46.191+0000] {manager.py:854} INFO - 
================================================================================
DAG File Processing Stats

File Path                                PID    Runtime      # DAGs    # Errors  Last Runtime    Last Run
---------------------------------------  -----  ---------  --------  ----------  --------------  -------------------
/opt/airflow/dags/pipeline_deputados.py                           1           0  0.41s           2026-06-08T20:39:20
================================================================================
[2026-06-08T20:40:14.198+0000] {manager.py:726} INFO - Searching for files in /opt/airflow/dags
[2026-06-08T20:40:14.199+0000] {manager.py:729} INFO - There are 1 files in /opt/airflow/dags
[2026-06-08T20:40:16.220+0000] {manager.py:854} INFO - 
================================================================================
DAG File Processing Stats

File Path                                PID    Runtime      # DAGs    # Errors  Last Runtime    Last Run
---------------------------------------  -----  ---------  --------  ----------  --------------  -------------------
/opt/airflow/dags/pipeline_deputados.py                           1           0  0.47s           2026-06-08T20:39:51
================================================================================
[2026-06-08T20:40:46.379+0000] {manager.py:854} INFO - 
================================================================================
DAG File Processing Stats

File Path                                PID    Runtime      # DAGs    # Errors  Last Runtime    Last Run
---------------------------------------  -----  ---------  --------  ----------  --------------  -------------------
/opt/airflow/dags/pipeline_deputados.py                           1           0  0.41s           2026-06-08T20:40:21
================================================================================
[2026-06-08T20:41:16.552+0000] {manager.py:854} INFO - 
================================================================================
DAG File Processing Stats

File Path                                PID    Runtime      # DAGs    # Errors  Last Runtime    Last Run
---------------------------------------  -----  ---------  --------  ----------  --------------  -------------------
/opt/airflow/dags/pipeline_deputados.py                           1           0  0.66s           2026-06-08T20:40:52
================================================================================
