[2026-06-08T20:37:33.370+0000] {taskinstance.py:1083} INFO - Dependencies all met for <TaskInstance: pipeline_deputados.popular_banco manual__2026-06-08T20:37:26.899276+00:00 [queued]>
[2026-06-08T20:37:33.383+0000] {taskinstance.py:1083} INFO - Dependencies all met for <TaskInstance: pipeline_deputados.popular_banco manual__2026-06-08T20:37:26.899276+00:00 [queued]>
[2026-06-08T20:37:33.383+0000] {taskinstance.py:1279} INFO - 
--------------------------------------------------------------------------------
[2026-06-08T20:37:33.383+0000] {taskinstance.py:1280} INFO - Starting attempt 1 of 1
[2026-06-08T20:37:33.383+0000] {taskinstance.py:1281} INFO - 
--------------------------------------------------------------------------------
[2026-06-08T20:37:33.402+0000] {taskinstance.py:1300} INFO - Executing <Task(PythonOperator): popular_banco> on 2026-06-08 20:37:26.899276+00:00
[2026-06-08T20:37:33.412+0000] {standard_task_runner.py:55} INFO - Started process 275 to run task
[2026-06-08T20:37:33.416+0000] {standard_task_runner.py:82} INFO - Running: ['airflow', 'tasks', 'run', 'pipeline_deputados', 'popular_banco', 'manual__2026-06-08T20:37:26.899276+00:00', '--job-id', '13', '--raw', '--subdir', 'DAGS_FOLDER/pipeline_deputados.py', '--cfg-path', '/tmp/tmp9d9urefe']
[2026-06-08T20:37:33.419+0000] {standard_task_runner.py:83} INFO - Job 13: Subtask popular_banco
[2026-06-08T20:37:33.519+0000] {task_command.py:388} INFO - Running <TaskInstance: pipeline_deputados.popular_banco manual__2026-06-08T20:37:26.899276+00:00 [running]> on host 78cfd50ce143
[2026-06-08T20:37:33.614+0000] {taskinstance.py:1509} INFO - Exporting the following env vars:
AIRFLOW_CTX_DAG_OWNER=airflow
AIRFLOW_CTX_DAG_ID=pipeline_deputados
AIRFLOW_CTX_TASK_ID=popular_banco
AIRFLOW_CTX_EXECUTION_DATE=2026-06-08T20:37:26.899276+00:00
AIRFLOW_CTX_TRY_NUMBER=1
AIRFLOW_CTX_DAG_RUN_ID=manual__2026-06-08T20:37:26.899276+00:00
[2026-06-08T20:37:33.909+0000] {taskinstance.py:1768} ERROR - Task failed with exception
Traceback (most recent call last):
  File "/home/airflow/.local/lib/python3.7/site-packages/airflow/operators/python.py", line 175, in execute
    return_value = self.execute_callable()
  File "/home/airflow/.local/lib/python3.7/site-packages/airflow/operators/python.py", line 192, in execute_callable
    return self.python_callable(*self.op_args, **self.op_kwargs)
  File "/opt/airflow/src/ingestion/popular_banco.py", line 6, in popular_banco
    conn = db_connect()
  File "/opt/airflow/src/ingestion/database.py", line 4, in db_connect
    return psycopg2.connect(host="localhost", database="govtrack", port=5432, user="govtrack", password="govtrack123")
  File "/home/airflow/.local/lib/python3.7/site-packages/psycopg2/__init__.py", line 122, in connect
    conn = _connect(dsn, connection_factory=connection_factory, **kwasync)
psycopg2.OperationalError: connection to server at "localhost" (::1), port 5432 failed: Connection refused
	Is the server running on that host and accepting TCP/IP connections?
connection to server at "localhost" (127.0.0.1), port 5432 failed: Connection refused
	Is the server running on that host and accepting TCP/IP connections?

[2026-06-08T20:37:33.923+0000] {taskinstance.py:1323} INFO - Marking task as FAILED. dag_id=pipeline_deputados, task_id=popular_banco, execution_date=20260608T203726, start_date=20260608T203733, end_date=20260608T203733
[2026-06-08T20:37:33.937+0000] {standard_task_runner.py:105} ERROR - Failed to execute job 13 for task popular_banco (connection to server at "localhost" (::1), port 5432 failed: Connection refused
	Is the server running on that host and accepting TCP/IP connections?
connection to server at "localhost" (127.0.0.1), port 5432 failed: Connection refused
	Is the server running on that host and accepting TCP/IP connections?
; 275)
[2026-06-08T20:37:33.990+0000] {local_task_job.py:208} INFO - Task exited with return code 1
[2026-06-08T20:37:34.016+0000] {taskinstance.py:2578} INFO - 0 downstream tasks scheduled from follow-on schedule check
